E:\WINDMILLENGINE\WE\CONTENTBROWSER\DEBUG\APP.OBJ
E:\WINDMILLENGINE\WE\CONTENTBROWSER\DEBUG\CONTENTBROWSER.EXE.INTERMEDIATE.MANIFEST
E:\WINDMILLENGINE\WE\CONTENTBROWSER\DEBUG\FRAME.OBJ
E:\WINDMILLENGINE\WE\CONTENTBROWSER\DEBUG\VC100.PDB
E:\WINDMILLENGINE\WE\DEBUG\CONTENTBROWSER.EXE
E:\WindmillEngine\WE\Debug\ContentBrowser.exp
E:\WINDMILLENGINE\WE\DEBUG\CONTENTBROWSER.ILK
E:\WindmillEngine\WE\Debug\ContentBrowser.lib
E:\WINDMILLENGINE\WE\DEBUG\CONTENTBROWSER.PDB
E:\WindmillEngine\WEAlpha\ContentBrowser\Debug\App.obj
E:\WindmillEngine\WEAlpha\ContentBrowser\Debug\cl.command.1.tlog
E:\WindmillEngine\WEAlpha\ContentBrowser\Debug\CL.read.1.tlog
E:\WindmillEngine\WEAlpha\ContentBrowser\Debug\CL.write.1.tlog
E:\WindmillEngine\WEAlpha\ContentBrowser\Debug\ContentBrowser.exe.intermediate.manifest
E:\WindmillEngine\WEAlpha\ContentBrowser\Debug\ContentBrowser.vcxprojResolveAssemblyReference.cache
E:\WindmillEngine\WEAlpha\ContentBrowser\Debug\ContentBrowser.write.1.tlog
E:\WindmillEngine\WEAlpha\ContentBrowser\Debug\Frame.obj
E:\WindmillEngine\WEAlpha\ContentBrowser\Debug\link.command.1.tlog
E:\WindmillEngine\WEAlpha\ContentBrowser\Debug\link.read.1.tlog
E:\WindmillEngine\WEAlpha\ContentBrowser\Debug\link.write.1.tlog
E:\WindmillEngine\WEAlpha\ContentBrowser\Debug\mt.command.1.tlog
E:\WindmillEngine\WEAlpha\ContentBrowser\Debug\mt.read.1.tlog
E:\WindmillEngine\WEAlpha\ContentBrowser\Debug\mt.write.1.tlog
E:\WindmillEngine\WEAlpha\ContentBrowser\Debug\vc100.idb
E:\WindmillEngine\WEAlpha\ContentBrowser\Debug\vc100.pdb
E:\WindmillEngine\WEAlpha\Debug\WEContentBrowser.exe
E:\WindmillEngine\WEAlpha\Debug\WEContentBrowser.pdb
