生成启动时间为 2014/8/14 20:28:37。
     1>项目“E:\WindmillEngine\WE\WENative\WENative.vcxproj”在节点 2 上(build 个目标)。
     1>InitializeBuildStatus:
         正在对“Debug\WENative.unsuccessfulbuild”执行 Touch 任务。
       ClCompile:
         F:\IDE\VS2010\VC\bin\CL.exe /c /I..\..\ThirdParty\FBX\include /I..\..\ThirdParty\DirectX\Include /ZI /nologo /W0 /WX- /Od /Oy- /D _WINDLL /D _UNICODE /D UNICODE /UDEBUG /Gm /EHsc /RTC1 /MDd /GS /fp:precise /Zc:wchar_t /Zc:forScope /Fo"Debug\\" /Fd"Debug\vc100.pdb" /Gd /TP /analyze- /errorReport:prompt WEBaseCamera.cpp WECascadeShadowManager.cpp WED3D.cpp WEMeshRenderer.cpp WERenderCore.cpp WESkeletonMeshRenderer.cpp
         WESkeletonMeshRenderer.cpp
         WED3D.cpp
         WEBaseCamera.cpp
         正在生成代码...
         正在编译...
         WEMeshRenderer.cpp
         正在生成代码...
         正在跳过...(未检测到相关更改)
         WERenderCore.cpp
         WECascadeShadowManager.cpp
       Link:
         F:\IDE\VS2010\VC\bin\link.exe /ERRORREPORT:PROMPT /OUT:"E:\WindmillEngine\WE\Debug\WENative.dll" /NOLOGO /LIBPATH:..\..\ThirdParty\DirectX\Lib\x86 /LIBPATH:..\..\ThirdParty\FBX\lib\vs2010\x86\debug "libfbxsdk-md.lib" d3d11.lib d3dcompiler.lib d3dx11.lib d3dx9.lib dxerr.lib dxguid.lib dinput8.lib kernel32.lib user32.lib gdi32.lib winspool.lib comdlg32.lib advapi32.lib shell32.lib ole32.lib oleaut32.lib uuid.lib odbc32.lib odbccp32.lib /MANIFEST /ManifestFile:"Debug\WENative.dll.intermediate.manifest" /MANIFESTUAC:"level='asInvoker' uiAccess='false'" /DEBUG /PDB:"E:\WindmillEngine\WE\Debug\WENative.pdb" /TLBID:1 /DYNAMICBASE /NXCOMPAT /IMPLIB:"E:\WindmillEngine\WE\Debug\WENative.lib" /MACHINE:X86 /DLL Debug\WEBaseCamera.obj
         Debug\WECascadeShadowManager.obj
         Debug\WEContent.obj
         Debug\WED3D.obj
         Debug\WEDeferredLighting.obj
         Debug\WEFbxCommon.obj
         Debug\WEFbxImporter.obj
         Debug\WEFbxLoader.obj
         Debug\WEFinalPass.obj
         Debug\WEFullScreenQuad.obj
         Debug\WEHDAO.obj
         Debug\WEHDR.obj
         Debug\WEMaterial.obj
         Debug\WEMaterialContent.obj
         Debug\WEMesh.obj
         Debug\WEMeshContent.obj
         Debug\WEMeshRenderer.obj
         Debug\WEObjImporter.obj
         Debug\WERenderCore.obj
         Debug\WERenderTarget.obj
         Debug\WESkeletonMesh.obj
         Debug\WESkeletonMeshContent.obj
         Debug\WESkeletonMeshRenderer.obj
         Debug\WETexture.obj
         Debug\WETextureContent.obj
         LINK : 没有找到 E:\WindmillEngine\WE\Debug\WENative.dll 或上一个增量链接没有生成它；正在执行完全链接
            正在创建库 E:\WindmillEngine\WE\Debug\WENative.lib 和对象 E:\WindmillEngine\WE\Debug\WENative.exp
         WENative.vcxproj -> E:\WindmillEngine\WE\Debug\WENative.dll
       Manifest:
         C:\Program Files (x86)\Microsoft SDKs\Windows\v7.0A\bin\mt.exe /nologo /verbose /outputresource:"E:\WindmillEngine\WE\Debug\WENative.dll;#2" /manifest Debug\WENative.dll.intermediate.manifest
       FinalizeBuildStatus:
         正在删除文件“Debug\WENative.unsuccessfulbuild”。
         正在对“Debug\WENative.lastbuildstate”执行 Touch 任务。
     1>已完成生成项目“E:\WindmillEngine\WE\WENative\WENative.vcxproj”(build 个目标)的操作。

生成成功。

已用时间 00:00:14.42
